{
  "stats": {
    "suites": 2,
    "tests": 21,
    "passes": 21,
    "pending": 0,
    "failures": 0,
    "start": "2023-11-29T21:59:57.791Z",
    "end": "2023-11-29T22:02:14.296Z",
    "duration": 136505,
    "testsRegistered": 21,
    "passPercent": 100,
    "pendingPercent": 0,
    "other": 0,
    "hasOther": false,
    "skipped": 0,
    "hasSkipped": false
  },
  "results": [
    {
      "uuid": "adadcaaa-1744-496b-a25c-1fff00a9236f",
      "title": "",
      "fullFile": "",
      "file": "",
      "beforeHooks": [],
      "afterHooks": [],
      "tests": [],
      "suites": [
        {
          "uuid": "d7db3538-0e84-4b91-afcc-e1ea5bbb0643",
          "title": "Testing Psychics on Oranum",
          "fullFile": "C:\\Users\\Navajeevan\\AQA_Test_HomeWork_Navajeevan\\features\\basic.feature",
          "file": "\\features\\basic.feature",
          "beforeHooks": [
            {
              "title": "\"before all\" hook: codeceptjs.beforeSuite in \"Testing Psychics on Oranum\"",
              "fullTitle": "Testing Psychics on Oranum \"before all\" hook: codeceptjs.beforeSuite in \"Testing Psychics on Oranum\"",
              "timedOut": false,
              "duration": 514,
              "state": null,
              "speed": null,
              "pass": false,
              "fail": false,
              "pending": false,
              "context": null,
              "code": "scenario.suiteSetup(suite)",
              "err": {},
              "uuid": "1e7943a8-c0c3-4b83-b238-d6145d428ebf",
              "parentUUID": "d7db3538-0e84-4b91-afcc-e1ea5bbb0643",
              "isHook": true,
              "skipped": false
            },
            {
              "title": "\"before each\" hook: codeceptjs.before in \"Testing Psychics on Oranum\"",
              "fullTitle": "Testing Psychics on Oranum \"before each\" hook: codeceptjs.before in \"Testing Psychics on Oranum\"",
              "timedOut": false,
              "duration": 2,
              "state": null,
              "speed": null,
              "pass": false,
              "fail": false,
              "pending": false,
              "context": null,
              "code": "scenario.setup(suite)",
              "err": {},
              "uuid": "df0a3c8f-5d64-43ac-8740-ebb49f90d902",
              "parentUUID": "d7db3538-0e84-4b91-afcc-e1ea5bbb0643",
              "isHook": true,
              "skipped": false
            }
          ],
          "afterHooks": [
            {
              "title": "\"after all\" hook: codeceptjs.afterSuite in \"Testing Psychics on Oranum\"",
              "fullTitle": "Testing Psychics on Oranum \"after all\" hook: codeceptjs.afterSuite in \"Testing Psychics on Oranum\"",
              "timedOut": false,
              "duration": 0,
              "state": null,
              "speed": null,
              "pass": false,
              "fail": false,
              "pending": false,
              "context": null,
              "code": "scenario.suiteTeardown(suite)",
              "err": {},
              "uuid": "8e53b47b-d86e-421a-ab05-846de7f70d8c",
              "parentUUID": "d7db3538-0e84-4b91-afcc-e1ea5bbb0643",
              "isHook": true,
              "skipped": false
            },
            {
              "title": "\"after each\" hook: codeceptjs.after in \"Testing Psychics on Oranum\"",
              "fullTitle": "Testing Psychics on Oranum \"after each\" hook: codeceptjs.after in \"Testing Psychics on Oranum\"",
              "timedOut": false,
              "duration": 7,
              "state": null,
              "speed": null,
              "pass": false,
              "fail": false,
              "pending": false,
              "context": null,
              "code": "scenario.teardown(suite)",
              "err": {},
              "uuid": "e65497d5-ed9a-4f1e-bde2-5cc2c8064016",
              "parentUUID": "d7db3538-0e84-4b91-afcc-e1ea5bbb0643",
              "isHook": true,
              "skipped": false
            }
          ],
          "tests": [
            {
              "title": "Search for psychics by partial text {\"partial_text\":\"Matt\",\"expected_result\":\"MATT\"} @search",
              "fullTitle": "Testing Psychics on Oranum Search for psychics by partial text {\"partial_text\":\"Matt\",\"expected_result\":\"MATT\"} @search",
              "timedOut": false,
              "duration": 7155,
              "state": "passed",
              "speed": "slow",
              "pass": true,
              "fail": false,
              "pending": false,
              "context": null,
              "code": "runSteps(addExampleInTable(exampleSteps, current)",
              "err": {},
              "uuid": "8d61b354-dcfa-4011-9519-1da6bd66f91f",
              "parentUUID": "d7db3538-0e84-4b91-afcc-e1ea5bbb0643",
              "isHook": false,
              "skipped": false
            },
            {
              "title": "Search for psychics by partial text {\"partial_text\":\"Myst\",\"expected_result\":\"MYST\"} @search",
              "fullTitle": "Testing Psychics on Oranum Search for psychics by partial text {\"partial_text\":\"Myst\",\"expected_result\":\"MYST\"} @search",
              "timedOut": false,
              "duration": 6267,
              "state": "passed",
              "speed": "slow",
              "pass": true,
              "fail": false,
              "pending": false,
              "context": null,
              "code": "runSteps(addExampleInTable(exampleSteps, current)",
              "err": {},
              "uuid": "7f4f1416-c513-4961-9239-04c67b8239e2",
              "parentUUID": "d7db3538-0e84-4b91-afcc-e1ea5bbb0643",
              "isHook": false,
              "skipped": false
            },
            {
              "title": "Search for psychics by partial text {\"partial_text\":\"Ann\",\"expected_result\":\"ANN\"} @search",
              "fullTitle": "Testing Psychics on Oranum Search for psychics by partial text {\"partial_text\":\"Ann\",\"expected_result\":\"ANN\"} @search",
              "timedOut": false,
              "duration": 6099,
              "state": "passed",
              "speed": "slow",
              "pass": true,
              "fail": false,
              "pending": false,
              "context": null,
              "code": "runSteps(addExampleInTable(exampleSteps, current)",
              "err": {},
              "uuid": "b402a605-ce4b-4b59-977d-7b8419206ae4",
              "parentUUID": "d7db3538-0e84-4b91-afcc-e1ea5bbb0643",
              "isHook": false,
              "skipped": false
            },
            {
              "title": "Search for psychics by partial text {\"partial_text\":\"psy\",\"expected_result\":\"PSY\"} @search",
              "fullTitle": "Testing Psychics on Oranum Search for psychics by partial text {\"partial_text\":\"psy\",\"expected_result\":\"PSY\"} @search",
              "timedOut": false,
              "duration": 6400,
              "state": "passed",
              "speed": "slow",
              "pass": true,
              "fail": false,
              "pending": false,
              "context": null,
              "code": "runSteps(addExampleInTable(exampleSteps, current)",
              "err": {},
              "uuid": "59b734a0-2c8e-4e08-a478-31a46cfd7b02",
              "parentUUID": "d7db3538-0e84-4b91-afcc-e1ea5bbb0643",
              "isHook": false,
              "skipped": false
            },
            {
              "title": "Validate 'Sign up' overlay triggers when \"Get credits\" is clicked @livestream",
              "fullTitle": "Testing Psychics on Oranum Validate 'Sign up' overlay triggers when \"Get credits\" is clicked @livestream",
              "timedOut": false,
              "duration": 17438,
              "state": "passed",
              "speed": "slow",
              "pass": true,
              "fail": false,
              "pending": false,
              "context": null,
              "code": "runSteps(child.scenario.steps)",
              "err": {},
              "uuid": "f1caeaf0-7ff6-472c-93b7-6ec16ff4aa99",
              "parentUUID": "d7db3538-0e84-4b91-afcc-e1ea5bbb0643",
              "isHook": false,
              "skipped": false
            },
            {
              "title": "Validate 'Sign up' overlay triggers when \"Add to favorites button\" is clicked",
              "fullTitle": "Testing Psychics on Oranum Validate 'Sign up' overlay triggers when \"Add to favorites button\" is clicked",
              "timedOut": false,
              "duration": 19614,
              "state": "passed",
              "speed": "slow",
              "pass": true,
              "fail": false,
              "pending": false,
              "context": null,
              "code": "runSteps(child.scenario.steps)",
              "err": {},
              "uuid": "c4ae49d8-75d9-43b8-9b15-349820d9637a",
              "parentUUID": "d7db3538-0e84-4b91-afcc-e1ea5bbb0643",
              "isHook": false,
              "skipped": false
            },
            {
              "title": "Validate 'Sign up' overlay triggers when \"Surprise button\" is clicked",
              "fullTitle": "Testing Psychics on Oranum Validate 'Sign up' overlay triggers when \"Surprise button\" is clicked",
              "timedOut": false,
              "duration": 15391,
              "state": "passed",
              "speed": "slow",
              "pass": true,
              "fail": false,
              "pending": false,
              "context": null,
              "code": "runSteps(child.scenario.steps)",
              "err": {},
              "uuid": "5f76e3c3-20d6-48c0-92c7-e48ca4674e21",
              "parentUUID": "d7db3538-0e84-4b91-afcc-e1ea5bbb0643",
              "isHook": false,
              "skipped": false
            },
            {
              "title": "Validate 'Sign up' overlay triggers when \"Start Session button\" is clicked",
              "fullTitle": "Testing Psychics on Oranum Validate 'Sign up' overlay triggers when \"Start Session button\" is clicked",
              "timedOut": false,
              "duration": 9436,
              "state": "passed",
              "speed": "slow",
              "pass": true,
              "fail": false,
              "pending": false,
              "context": null,
              "code": "runSteps(child.scenario.steps)",
              "err": {},
              "uuid": "65ea3751-44b1-49b3-891a-8b6b4440b276",
              "parentUUID": "d7db3538-0e84-4b91-afcc-e1ea5bbb0643",
              "isHook": false,
              "skipped": false
            },
            {
              "title": "Selecting '<topic>' should display matching psychics {\"topic\":\"Astrology\"} @topics",
              "fullTitle": "Testing Psychics on Oranum Selecting '<topic>' should display matching psychics {\"topic\":\"Astrology\"} @topics",
              "timedOut": false,
              "duration": 3983,
              "state": "passed",
              "speed": "slow",
              "pass": true,
              "fail": false,
              "pending": false,
              "context": null,
              "code": "runSteps(addExampleInTable(exampleSteps, current)",
              "err": {},
              "uuid": "2cd32b94-e5b9-4af5-af5d-dd544fa7c607",
              "parentUUID": "d7db3538-0e84-4b91-afcc-e1ea5bbb0643",
              "isHook": false,
              "skipped": false
            },
            {
              "title": "Selecting '<topic>' should display matching psychics {\"topic\":\"Tarot\"} @topics",
              "fullTitle": "Testing Psychics on Oranum Selecting '<topic>' should display matching psychics {\"topic\":\"Tarot\"} @topics",
              "timedOut": false,
              "duration": 3403,
              "state": "passed",
              "speed": "slow",
              "pass": true,
              "fail": false,
              "pending": false,
              "context": null,
              "code": "runSteps(addExampleInTable(exampleSteps, current)",
              "err": {},
              "uuid": "52303d39-9880-4bf5-98c0-a34506c960be",
              "parentUUID": "d7db3538-0e84-4b91-afcc-e1ea5bbb0643",
              "isHook": false,
              "skipped": false
            },
            {
              "title": "Selecting '<topic>' should display matching psychics {\"topic\":\"Clairvoyance\"} @topics",
              "fullTitle": "Testing Psychics on Oranum Selecting '<topic>' should display matching psychics {\"topic\":\"Clairvoyance\"} @topics",
              "timedOut": false,
              "duration": 4003,
              "state": "passed",
              "speed": "slow",
              "pass": true,
              "fail": false,
              "pending": false,
              "context": null,
              "code": "runSteps(addExampleInTable(exampleSteps, current)",
              "err": {},
              "uuid": "f504e6bf-94dd-4b78-aa13-ad4bed4dbe9c",
              "parentUUID": "d7db3538-0e84-4b91-afcc-e1ea5bbb0643",
              "isHook": false,
              "skipped": false
            },
            {
              "title": "Selecting '<topic>' should display matching psychics {\"topic\":\"Dream interpretation\"} @topics",
              "fullTitle": "Testing Psychics on Oranum Selecting '<topic>' should display matching psychics {\"topic\":\"Dream interpretation\"} @topics",
              "timedOut": false,
              "duration": 4182,
              "state": "passed",
              "speed": "slow",
              "pass": true,
              "fail": false,
              "pending": false,
              "context": null,
              "code": "runSteps(addExampleInTable(exampleSteps, current)",
              "err": {},
              "uuid": "d48deb5e-da92-4c4e-ac92-331ac0d9e227",
              "parentUUID": "d7db3538-0e84-4b91-afcc-e1ea5bbb0643",
              "isHook": false,
              "skipped": false
            },
            {
              "title": "Selecting '<topic>' should display matching psychics {\"topic\":\"Healing\"} @topics",
              "fullTitle": "Testing Psychics on Oranum Selecting '<topic>' should display matching psychics {\"topic\":\"Healing\"} @topics",
              "timedOut": false,
              "duration": 5352,
              "state": "passed",
              "speed": "slow",
              "pass": true,
              "fail": false,
              "pending": false,
              "context": null,
              "code": "runSteps(addExampleInTable(exampleSteps, current)",
              "err": {},
              "uuid": "dcc3d2f5-67d6-4994-9db1-19d9d3df6f88",
              "parentUUID": "d7db3538-0e84-4b91-afcc-e1ea5bbb0643",
              "isHook": false,
              "skipped": false
            },
            {
              "title": "Selecting '<topic>' should display matching psychics {\"topic\":\"Crystals\"} @topics",
              "fullTitle": "Testing Psychics on Oranum Selecting '<topic>' should display matching psychics {\"topic\":\"Crystals\"} @topics",
              "timedOut": false,
              "duration": 3776,
              "state": "passed",
              "speed": "slow",
              "pass": true,
              "fail": false,
              "pending": false,
              "context": null,
              "code": "runSteps(addExampleInTable(exampleSteps, current)",
              "err": {},
              "uuid": "8a3144d1-c8a4-4c14-8f1a-0e6a2eb8c706",
              "parentUUID": "d7db3538-0e84-4b91-afcc-e1ea5bbb0643",
              "isHook": false,
              "skipped": false
            },
            {
              "title": "Selecting '<topic>' should display matching psychics {\"topic\":\"Mediumship\"} @topics",
              "fullTitle": "Testing Psychics on Oranum Selecting '<topic>' should display matching psychics {\"topic\":\"Mediumship\"} @topics",
              "timedOut": false,
              "duration": 4102,
              "state": "passed",
              "speed": "slow",
              "pass": true,
              "fail": false,
              "pending": false,
              "context": null,
              "code": "runSteps(addExampleInTable(exampleSteps, current)",
              "err": {},
              "uuid": "40d9d8ea-f368-4568-b603-f35c3f982281",
              "parentUUID": "d7db3538-0e84-4b91-afcc-e1ea5bbb0643",
              "isHook": false,
              "skipped": false
            },
            {
              "title": "Selecting '<topic>' should display matching psychics {\"topic\":\"Crystal ball\"} @topics",
              "fullTitle": "Testing Psychics on Oranum Selecting '<topic>' should display matching psychics {\"topic\":\"Crystal ball\"} @topics",
              "timedOut": false,
              "duration": 3421,
              "state": "passed",
              "speed": "slow",
              "pass": true,
              "fail": false,
              "pending": false,
              "context": null,
              "code": "runSteps(addExampleInTable(exampleSteps, current)",
              "err": {},
              "uuid": "8a516b03-b37f-4c51-86a9-83db8c1c41c4",
              "parentUUID": "d7db3538-0e84-4b91-afcc-e1ea5bbb0643",
              "isHook": false,
              "skipped": false
            },
            {
              "title": "Selecting '<topic>' should display matching psychics {\"topic\":\"Numerology\"} @topics",
              "fullTitle": "Testing Psychics on Oranum Selecting '<topic>' should display matching psychics {\"topic\":\"Numerology\"} @topics",
              "timedOut": false,
              "duration": 4682,
              "state": "passed",
              "speed": "slow",
              "pass": true,
              "fail": false,
              "pending": false,
              "context": null,
              "code": "runSteps(addExampleInTable(exampleSteps, current)",
              "err": {},
              "uuid": "4a9db2ee-c123-4185-a410-2b83b4624bd3",
              "parentUUID": "d7db3538-0e84-4b91-afcc-e1ea5bbb0643",
              "isHook": false,
              "skipped": false
            },
            {
              "title": "Selecting '<topic>' should display matching psychics {\"topic\":\"Runes\"} @topics",
              "fullTitle": "Testing Psychics on Oranum Selecting '<topic>' should display matching psychics {\"topic\":\"Runes\"} @topics",
              "timedOut": false,
              "duration": 3585,
              "state": "passed",
              "speed": "slow",
              "pass": true,
              "fail": false,
              "pending": false,
              "context": null,
              "code": "runSteps(addExampleInTable(exampleSteps, current)",
              "err": {},
              "uuid": "e80beaaf-40f5-4335-87ed-4cce05d6f2f8",
              "parentUUID": "d7db3538-0e84-4b91-afcc-e1ea5bbb0643",
              "isHook": false,
              "skipped": false
            },
            {
              "title": "Selecting '<topic>' should display matching psychics {\"topic\":\"Palm reading\"} @topics",
              "fullTitle": "Testing Psychics on Oranum Selecting '<topic>' should display matching psychics {\"topic\":\"Palm reading\"} @topics",
              "timedOut": false,
              "duration": 3385,
              "state": "passed",
              "speed": "slow",
              "pass": true,
              "fail": false,
              "pending": false,
              "context": null,
              "code": "runSteps(addExampleInTable(exampleSteps, current)",
              "err": {},
              "uuid": "e1bd858a-ccfc-4922-a66c-0265d8e971a1",
              "parentUUID": "d7db3538-0e84-4b91-afcc-e1ea5bbb0643",
              "isHook": false,
              "skipped": false
            },
            {
              "title": "Selecting '<topic>' should display matching psychics {\"topic\":\"Energy work\"} @topics",
              "fullTitle": "Testing Psychics on Oranum Selecting '<topic>' should display matching psychics {\"topic\":\"Energy work\"} @topics",
              "timedOut": false,
              "duration": 4064,
              "state": "passed",
              "speed": "slow",
              "pass": true,
              "fail": false,
              "pending": false,
              "context": null,
              "code": "runSteps(addExampleInTable(exampleSteps, current)",
              "err": {},
              "uuid": "1cc96daa-6bb2-4122-b093-e7e96b462c7d",
              "parentUUID": "d7db3538-0e84-4b91-afcc-e1ea5bbb0643",
              "isHook": false,
              "skipped": false
            }
          ],
          "suites": [],
          "passes": [
            "8d61b354-dcfa-4011-9519-1da6bd66f91f",
            "7f4f1416-c513-4961-9239-04c67b8239e2",
            "b402a605-ce4b-4b59-977d-7b8419206ae4",
            "59b734a0-2c8e-4e08-a478-31a46cfd7b02",
            "f1caeaf0-7ff6-472c-93b7-6ec16ff4aa99",
            "c4ae49d8-75d9-43b8-9b15-349820d9637a",
            "5f76e3c3-20d6-48c0-92c7-e48ca4674e21",
            "65ea3751-44b1-49b3-891a-8b6b4440b276",
            "2cd32b94-e5b9-4af5-af5d-dd544fa7c607",
            "52303d39-9880-4bf5-98c0-a34506c960be",
            "f504e6bf-94dd-4b78-aa13-ad4bed4dbe9c",
            "d48deb5e-da92-4c4e-ac92-331ac0d9e227",
            "dcc3d2f5-67d6-4994-9db1-19d9d3df6f88",
            "8a3144d1-c8a4-4c14-8f1a-0e6a2eb8c706",
            "40d9d8ea-f368-4568-b603-f35c3f982281",
            "8a516b03-b37f-4c51-86a9-83db8c1c41c4",
            "4a9db2ee-c123-4185-a410-2b83b4624bd3",
            "e80beaaf-40f5-4335-87ed-4cce05d6f2f8",
            "e1bd858a-ccfc-4922-a66c-0265d8e971a1",
            "1cc96daa-6bb2-4122-b093-e7e96b462c7d"
          ],
          "failures": [],
          "pending": [],
          "skipped": [],
          "duration": 135738,
          "root": false,
          "rootEmpty": false,
          "_timeout": 0
        },
        {
          "uuid": "4236f565-76e2-4fdd-a579-0c0575bfa398",
          "title": "oranum_e2e",
          "fullFile": "C:\\Users\\Navajeevan\\AQA_Test_HomeWork_Navajeevan\\oranum_e2e_test.js",
          "file": "\\oranum_e2e_test.js",
          "beforeHooks": [
            {
              "title": "\"before all\" hook: codeceptjs.beforeSuite in \"oranum_e2e\"",
              "fullTitle": "oranum_e2e \"before all\" hook: codeceptjs.beforeSuite in \"oranum_e2e\"",
              "timedOut": false,
              "duration": 0,
              "state": null,
              "speed": null,
              "pass": false,
              "fail": false,
              "pending": false,
              "context": null,
              "code": "scenario.suiteSetup(suite)",
              "err": {},
              "uuid": "a9cfdfe8-de26-4b12-8b10-79eaaec465d4",
              "parentUUID": "4236f565-76e2-4fdd-a579-0c0575bfa398",
              "isHook": true,
              "skipped": false
            },
            {
              "title": "\"before each\" hook: codeceptjs.before in \"oranum_e2e\"",
              "fullTitle": "oranum_e2e \"before each\" hook: codeceptjs.before in \"oranum_e2e\"",
              "timedOut": false,
              "duration": 1,
              "state": null,
              "speed": null,
              "pass": false,
              "fail": false,
              "pending": false,
              "context": null,
              "code": "scenario.setup(suite)",
              "err": {},
              "uuid": "87f3b40c-49c8-439e-8fa6-33aa4bb89198",
              "parentUUID": "4236f565-76e2-4fdd-a579-0c0575bfa398",
              "isHook": true,
              "skipped": false
            }
          ],
          "afterHooks": [
            {
              "title": "\"after all\" hook: codeceptjs.afterSuite in \"oranum_e2e\"",
              "fullTitle": "oranum_e2e \"after all\" hook: codeceptjs.afterSuite in \"oranum_e2e\"",
              "timedOut": false,
              "duration": 0,
              "state": null,
              "speed": null,
              "pass": false,
              "fail": false,
              "pending": false,
              "context": null,
              "code": "scenario.suiteTeardown(suite)",
              "err": {},
              "uuid": "7d8e75d8-a627-4ec8-a1c5-c6c15530b1d2",
              "parentUUID": "4236f565-76e2-4fdd-a579-0c0575bfa398",
              "isHook": true,
              "skipped": false
            },
            {
              "title": "\"after each\" hook: finalize codeceptjs in \"oranum_e2e\"",
              "fullTitle": "oranum_e2e \"after each\" hook: finalize codeceptjs in \"oranum_e2e\"",
              "timedOut": false,
              "duration": 8,
              "state": null,
              "speed": null,
              "pass": false,
              "fail": false,
              "pending": false,
              "context": null,
              "code": "scenario.teardown(suite)",
              "err": {},
              "uuid": "607948ae-f8c8-4a9a-bb00-7680270d3042",
              "parentUUID": "4236f565-76e2-4fdd-a579-0c0575bfa398",
              "isHook": true,
              "skipped": false
            }
          ],
          "tests": [
            {
              "title": "test something",
              "fullTitle": "oranum_e2e: test something",
              "timedOut": false,
              "duration": 4,
              "state": "passed",
              "speed": "fast",
              "pass": true,
              "fail": false,
              "pending": false,
              "context": null,
              "code": "I }) => {",
              "err": {},
              "uuid": "8eb17ad7-dd0c-4b70-8c7c-51d389ebcaf4",
              "parentUUID": "4236f565-76e2-4fdd-a579-0c0575bfa398",
              "isHook": false,
              "skipped": false
            }
          ],
          "suites": [],
          "passes": [
            "8eb17ad7-dd0c-4b70-8c7c-51d389ebcaf4"
          ],
          "failures": [],
          "pending": [],
          "skipped": [],
          "duration": 4,
          "root": false,
          "rootEmpty": false,
          "_timeout": 0
        }
      ],
      "passes": [],
      "failures": [],
      "pending": [],
      "skipped": [],
      "duration": 0,
      "root": true,
      "rootEmpty": true,
      "_timeout": 0
    }
  ],
  "meta": {
    "mocha": {
      "version": "10.2.0"
    },
    "mochawesome": {
      "options": {
        "quiet": false,
        "reportFilename": "mochawesome",
        "saveHtml": true,
        "saveJson": true,
        "consoleReporter": "spec",
        "useInlineDiffs": false,
        "code": true
      },
      "version": "7.1.3"
    },
    "marge": {
      "options": {
        "mochaFile": "output/result.xml",
        "reportDir": "output"
      },
      "version": "6.2.0"
    }
  }
}